 "/opt/emsdk/upstream/bin/clang" --version
 "/opt/emsdk/upstream/bin/clang" -target wasm32-unknown-emscripten -fignore-exceptions -fvisibility=default -mllvm -combiner-global-alias-analysis=false -mllvm -enable-emscripten-sjlj -mllvm -disable-lsr -DEMSCRIPTEN -Werror=implicit-function-declaration --sysroot=/opt/emsdk/upstream/emscripten/cache/sysroot -Xclang -iwithsysroot/include/fakesdl -Xclang -iwithsysroot/include/compat -I/usr/local/include/python3.13 -I/usr/local/include/python3.13 -v -static -fdeclspec hello_python.c -c -o /tmp/emscripten_temp_dcrsyx3w/hello_python_0.o
clang version 17.0.0 (https://github.com/llvm/llvm-project a8cbd27d1f238e104a5d5ca345d93bc1f4d4ab1f)
Target: wasm32-unknown-emscripten
Thread model: posix
InstalledDir: /opt/emsdk/upstream/bin
 (in-process)
 "/opt/emsdk/upstream/bin/clang-17" -cc1 -triple wasm32-unknown-emscripten -emit-obj -mrelax-all -disable-free -clear-ast-before-backend -disable-llvm-verifier -discard-value-names -main-file-name hello_python.c -static-define -mrelocation-model static -mframe-pointer=none -ffp-contract=on -fno-rounding-math -mconstructor-aliases -target-cpu generic -debugger-tuning=gdb -v -fcoverage-compilation-dir=/home/pradeep/projects/pyqt-test -resource-dir /opt/emsdk/upstream/lib/clang/17 -D EMSCRIPTEN -I /usr/local/include/python3.13 -I /usr/local/include/python3.13 -isysroot /opt/emsdk/upstream/emscripten/cache/sysroot -internal-isystem /opt/emsdk/upstream/lib/clang/17/include -internal-isystem /opt/emsdk/upstream/emscripten/cache/sysroot/include/wasm32-emscripten -internal-isystem /opt/emsdk/upstream/emscripten/cache/sysroot/include -Werror=implicit-function-declaration -fdebug-compilation-dir=/home/pradeep/projects/pyqt-test -ferror-limit 19 -fvisibility=default -fgnuc-version=4.2.1 -fdeclspec -fignore-exceptions -iwithsysroot/include/fakesdl -iwithsysroot/include/compat -mllvm -combiner-global-alias-analysis=false -mllvm -enable-emscripten-sjlj -mllvm -disable-lsr -o /tmp/emscripten_temp_dcrsyx3w/hello_python_0.o -x c hello_python.c
clang -cc1 version 17.0.0 based upon LLVM 17.0.0git default target x86_64-unknown-linux-gnu
ignoring nonexistent directory "/opt/emsdk/upstream/emscripten/cache/sysroot/include/wasm32-emscripten"
ignoring duplicate directory "/usr/local/include/python3.13"
#include "..." search starts here:
#include <...> search starts here:
 /usr/local/include/python3.13
 /opt/emsdk/upstream/emscripten/cache/sysroot/include/fakesdl
 /opt/emsdk/upstream/emscripten/cache/sysroot/include/compat
 /opt/emsdk/upstream/lib/clang/17/include
 /opt/emsdk/upstream/emscripten/cache/sysroot/include
End of search list.
hello_python.c:28:19: warning: __declspec attribute 'dllimport' is not supported [-Wignored-attributes]
   28 | extern __declspec(dllimport) int Py_NoSiteFlag;
      |                   ^~~~~~~~~
1 warning generated.
 "/opt/emsdk/upstream/emscripten/tools/file_packager" a.data --from-emcc --embed /usr/local/lib/python3.13/encodings/ --obj-output=/tmp/emscripten_temp_dcrsyx3w/embedded_files.o
 "/opt/emsdk/upstream/bin/wasm-ld" -o a.wasm /tmp/emscripten_temp_dcrsyx3w/hello_python_0.o -L/home/pradeep/projects/cpython/builddir/emscripten-node-dl /home/pradeep/projects/cpython/builddir/emscripten-node-dl/libpython3.13.a /home/pradeep/projects/cpython/builddir/emscripten-node-dl/Modules/_decimal/libmpdec/libmpdec.a ../cpython/builddir/emscripten-node-dl/Modules/_hacl/libHacl_Hash_SHA2.a ../cpython/builddir/emscripten-node-dl/Modules/expat/libexpat.a /opt/emsdk/upstream/emscripten/cache/sysroot/lib/wasm32-emscripten/libsqlite3-mt.a /opt/emsdk/upstream/emscripten/cache/sysroot/lib/wasm32-emscripten/libz.a /opt/emsdk/upstream/emscripten/cache/sysroot/lib/wasm32-emscripten/libbz2.a -static -L/opt/emsdk/upstream/emscripten/cache/sysroot/lib/wasm32-emscripten /tmp/emscripten_temp_dcrsyx3w/embedded_files.o -lGL -lal -lhtml5 -lstubs-debug -lnoexit -lc-debug -ldlmalloc -lcompiler_rt -lc++-noexcept -lc++abi-debug-noexcept -lsockets -mllvm -combiner-global-alias-analysis=false -mllvm -enable-emscripten-sjlj -mllvm -disable-lsr /tmp/tmpsnpq91o9libemscripten_js_symbols.so --strip-debug --export-if-defined=main --export-if-defined=__start_em_asm --export-if-defined=__stop_em_asm --export-if-defined=__start_em_lib_deps --export-if-defined=__stop_em_lib_deps --export-if-defined=__start_em_js --export-if-defined=__stop_em_js --export-if-defined=__main_argc_argv --export-if-defined=fflush --export=emscripten_stack_get_end --export=emscripten_stack_get_free --export=emscripten_stack_get_base --export=emscripten_stack_get_current --export=emscripten_stack_init --export=stackSave --export=stackRestore --export=stackAlloc --export=__errno_location --export=__get_temp_ret --export=__set_temp_ret --export=malloc --export=free --export=__wasm_call_ctors --export-table -z stack-size=65536 --initial-memory=16777216 --no-entry --max-memory=16777216 --stack-first
 "/opt/emsdk/upstream/bin/wasm-emscripten-finalize" --dyncalls-i64 --pass-arg=legalize-js-interface-exported-helpers a.wasm -o a.wasm --detect-features
 "/opt/emsdk/node/16.20.0_64bit/bin/node" /opt/emsdk/upstream/emscripten/src/compiler.js /tmp/tmpknfh39pm.json
 "/opt/emsdk/upstream/bin/llvm-objcopy" a.wasm a.wasm --remove-section=.debug* --remove-section=producers
 "/opt/emsdk/node/16.20.0_64bit/bin/node" /opt/emsdk/upstream/emscripten/tools/preprocessor.js /tmp/emscripten_temp_dcrsyx3w/settings.js shell.html
